#
# A fatal error has been detected by the Java Runtime Environment:
#
#  EXCEPTION_ACCESS_VIOLATION (0xc0000005) at pc=0x000000006269f6b6, pid=5524, tid=0x0000000000001650
#
# JRE version: Java(TM) SE Runtime Environment (8.0_171-b11) (build 1.8.0_171-b11)
# Java VM: Java HotSpot(TM) 64-Bit Server VM (25.171-b11 mixed mode windows-amd64 compressed oops)
# Problematic frame:
# V  [jvm.dll+0x15f6b6]
#
# Failed to write core dump. Minidumps are not enabled by default on client versions of Windows
#
# If you would like to submit a bug report, please visit:
#   http://bugreport.java.com/bugreport/crash.jsp
#

---------------  T H R E A D  ---------------

Current thread (0x0000000001fcc800):  JavaThread "main" [_thread_in_vm, id=5712, stack(0x00000000023d0000,0x00000000024d0000)]

siginfo: ExceptionCode=0xc0000005, reading address 0x0000000000000000

Registers:
RAX=0x0000000000000000, RBX=0x0000000001fcc800, RCX=0x0000000000000c80, RDX=0x0000000000000084
RSP=0x00000000024cdee0, RBP=0x000000000029fd00, RSI=0x0000000000000000, RDI=0x0000000000000000
R8 =0x0000000000000000, R9 =0x0000000000000000, R10=0x00000000024e8c3b, R11=0x000000006276c460
R12=0x0000000000000084, R13=0x0000000000000000, R14=0x0000000001fcc9f8, R15=0x0000000001fcc800
RIP=0x000000006269f6b6, EFLAGS=0x0000000000010246

Top of Stack: (sp=0x00000000024cdee0)
0x00000000024cdee0:   00000000020d8fe0 00000000625fba36
0x00000000024cdef0:   00000000024ce2d8 0000000001fcccc0
0x00000000024cdf00:   0000000001fcc800 0000000000000000
0x00000000024cdf10:   000000002294cc30 0000000001fcc800
0x00000000024cdf20:   00000000024ce010 000000002294cc30
0x00000000024cdf30:   0000000000000000 000000018000b0a9
0x00000000024cdf40:   00000000020d8f00 0000000001fcc9f8
0x00000000024cdf50:   000000000e282000 0000000000000084
0x00000000024cdf60:   000000002294cc30 00000000024e8c67
0x00000000024cdf70:   00000000024cdfe8 000000000e282000
0x00000000024cdf80:   00000000024d7e70 0000000000000000
0x00000000024cdf90:   000000000e282000 0000000001fcc800
0x00000000024cdfa0:   00000000024e8962 00000000024cdfa8
0x00000000024cdfb0:   000000002294cc30 00000000024ce010
0x00000000024cdfc0:   000000002294ce98 0000000000000000
0x00000000024cdfd0:   000000002294cc30 0000000000000000 

Instructions: (pc=0x000000006269f6b6)
0x000000006269f696:   00 00 06 00 00 00 48 89 5c 24 20 48 89 7c 24 28
0x000000006269f6a6:   48 39 7b 08 74 0a 48 8d 4c 24 20 e8 9a d0 11 00
0x000000006269f6b6:   48 8b 0e e8 32 92 f0 ff 4c 8b c3 33 d2 4c 8b 08
0x000000006269f6c6:   48 8b c8 41 ff 91 b8 00 00 00 48 8b f0 48 39 7b 


Register to memory mapping:

RAX=0x0000000000000000 is an unknown value
RBX=0x0000000001fcc800 is a thread
RCX=0x0000000000000c80 is an unknown value
RDX=0x0000000000000084 is an unknown value
RSP=0x00000000024cdee0 is pointing into the stack for thread: 0x0000000001fcc800
RBP=0x000000000029fd00 is an unknown value
RSI=0x0000000000000000 is an unknown value
RDI=0x0000000000000000 is an unknown value
R8 =0x0000000000000000 is an unknown value
R9 =0x0000000000000000 is an unknown value
R10=0x00000000024e8c3b is at code_begin+891 in an Interpreter codelet
method entry point (kind = native)  [0x00000000024e88c0, 0x00000000024e9280]  2496 bytes
R11=0x000000006276c460 is an unknown value
R12=0x0000000000000084 is an unknown value
R13=0x0000000000000000 is an unknown value
R14=0x0000000001fcc9f8 is an unknown value
R15=0x0000000001fcc800 is a thread


Stack: [0x00000000023d0000,0x00000000024d0000],  sp=0x00000000024cdee0,  free space=1015k
Native frames: (J=compiled Java code, j=interpreted, Vv=VM code, C=native code)
V  [jvm.dll+0x15f6b6]
C  [tcnative-1.dll+0xb0a9]
C  0x00000000024e8c67

Java frames: (J=compiled Java code, j=interpreted, Vv=VM code)
j  org.apache.tomcat.jni.SSL.getCiphers(J)[Ljava/lang/String;+0
j  org.apache.tomcat.util.net.openssl.OpenSSLEngine.<clinit>()V+71
v  ~StubRoutines::call_stub
j  org.apache.tomcat.util.net.openssl.OpenSSLUtil.getImplementedProtocols()Ljava/util/Set;+0
j  org.apache.tomcat.util.net.SSLUtilBase.<init>(Lorg/apache/tomcat/util/net/SSLHostConfigCertificate;Z)V+47
j  org.apache.tomcat.util.net.SSLUtilBase.<init>(Lorg/apache/tomcat/util/net/SSLHostConfigCertificate;)V+3
j  org.apache.tomcat.util.net.openssl.OpenSSLUtil.<init>(Lorg/apache/tomcat/util/net/SSLHostConfigCertificate;)V+2
j  org.apache.tomcat.util.net.openssl.OpenSSLImplementation.getSSLUtil(Lorg/apache/tomcat/util/net/SSLHostConfigCertificate;)Lorg/apache/tomcat/util/net/SSLUtil;+5
j  org.apache.tomcat.util.net.AbstractJsseEndpoint.createSSLContext(Lorg/apache/tomcat/util/net/SSLHostConfig;)V+39
j  org.apache.tomcat.util.net.AbstractJsseEndpoint.initialiseSsl()V+62
j  org.apache.tomcat.util.net.NioEndpoint.bind()V+44
j  org.apache.tomcat.util.net.AbstractEndpoint.bindWithCleanup()V+1
j  org.apache.tomcat.util.net.AbstractEndpoint.init()V+8
j  org.apache.coyote.AbstractProtocol.init()V+187
j  org.apache.coyote.http11.AbstractHttp11Protocol.init()V+38
j  org.apache.catalina.connector.Connector.initInternal()V+200
j  org.apache.catalina.util.LifecycleBase.init()V+29
j  org.apache.catalina.core.StandardService.initInternal()V+114
j  org.apache.catalina.util.LifecycleBase.init()V+29
j  org.apache.catalina.core.StandardServer.initInternal()V+234
j  org.apache.catalina.util.LifecycleBase.init()V+29
j  org.apache.catalina.util.LifecycleBase.start()V+142
j  org.apache.catalina.startup.Tomcat.start()V+9
j  org.springframework.boot.web.embedded.tomcat.TomcatWebServer.initialize()V+64
j  org.springframework.boot.web.embedded.tomcat.TomcatWebServer.<init>(Lorg/apache/catalina/startup/Tomcat;Z)V+43
j  org.springframework.boot.web.embedded.tomcat.TomcatServletWebServerFactory.getTomcatWebServer(Lorg/apache/catalina/startup/Tomcat;)Lorg/springframework/boot/web/embedded/tomcat/TomcatWebServer;+17
j  org.springframework.boot.web.embedded.tomcat.TomcatServletWebServerFactory.getWebServer([Lorg/springframework/boot/web/servlet/ServletContextInitializer;)Lorg/springframework/boot/web/server/WebServer;+149
j  org.springframework.boot.web.servlet.context.ServletWebServerApplicationContext.createWebServer()V+36
j  org.springframework.boot.web.servlet.context.ServletWebServerApplicationContext.onRefresh()V+5
j  org.springframework.context.support.AbstractApplicationContext.refresh()V+45
j  org.springframework.boot.web.servlet.context.ServletWebServerApplicationContext.refresh()V+1
j  org.springframework.boot.SpringApplication.refresh(Lorg/springframework/context/ApplicationContext;)V+10
j  org.springframework.boot.SpringApplication.refreshContext(Lorg/springframework/context/ConfigurableApplicationContext;)V+2
j  org.springframework.boot.SpringApplication.run([Ljava/lang/String;)Lorg/springframework/context/ConfigurableApplicationContext;+118
j  org.springframework.boot.SpringApplication.run([Ljava/lang/Class;[Ljava/lang/String;)Lorg/springframework/context/ConfigurableApplicationContext;+9
j  org.springframework.boot.SpringApplication.run(Ljava/lang/Class;[Ljava/lang/String;)Lorg/springframework/context/ConfigurableApplicationContext;+9
j  com.ylzh.helloworld.HelloworldApplication.main([Ljava/lang/String;)V+3
v  ~StubRoutines::call_stub

---------------  P R O C E S S  ---------------

Java Threads: ( => current thread )
  0x000000001f6e6000 JavaThread "RMI TCP Connection(2)-127.0.0.1" daemon [_thread_in_native, id=8152, stack(0x0000000020be0000,0x0000000020ce0000)]
  0x000000001f753800 JavaThread "RMI Scheduler(0)" daemon [_thread_blocked, id=7740, stack(0x0000000020130000,0x0000000020230000)]
  0x000000001f6c1800 JavaThread "RMI TCP Connection(1)-127.0.0.1" daemon [_thread_in_native, id=1396, stack(0x0000000020900000,0x0000000020a00000)]
  0x000000001f4cd800 JavaThread "RMI TCP Accept-0" daemon [_thread_in_native, id=6692, stack(0x0000000020010000,0x0000000020110000)]
  0x000000001f4c5800 JavaThread "RMI TCP Accept-51958" daemon [_thread_in_native, id=10220, stack(0x000000001feb0000,0x000000001ffb0000)]
  0x000000001f4be800 JavaThread "RMI TCP Accept-0" daemon [_thread_in_native, id=5136, stack(0x000000001fcf0000,0x000000001fdf0000)]
  0x000000001d6c3800 JavaThread "Service Thread" daemon [_thread_blocked, id=4972, stack(0x000000001ed80000,0x000000001ee80000)]
  0x000000001d62b000 JavaThread "C1 CompilerThread3" daemon [_thread_blocked, id=10212, stack(0x000000001f1d0000,0x000000001f2d0000)]
  0x000000001d620800 JavaThread "C2 CompilerThread2" daemon [_thread_blocked, id=9656, stack(0x000000001efc0000,0x000000001f0c0000)]
  0x000000001d61b800 JavaThread "C2 CompilerThread1" daemon [_thread_blocked, id=4112, stack(0x000000001ee90000,0x000000001ef90000)]
  0x000000001d61a800 JavaThread "C2 CompilerThread0" daemon [_thread_blocked, id=6008, stack(0x000000001e490000,0x000000001e590000)]
  0x000000001d60b000 JavaThread "Monitor Ctrl-Break" daemon [_thread_in_native, id=4728, stack(0x000000001ec20000,0x000000001ed20000)]
  0x000000001d40d000 JavaThread "Attach Listener" daemon [_thread_blocked, id=9960, stack(0x000000001ead0000,0x000000001ebd0000)]
  0x000000001d3f9800 JavaThread "Signal Dispatcher" daemon [_thread_blocked, id=8800, stack(0x000000001e950000,0x000000001ea50000)]
  0x000000001c336800 JavaThread "Finalizer" daemon [_thread_blocked, id=8144, stack(0x000000001e730000,0x000000001e830000)]
  0x000000001c32f800 JavaThread "Reference Handler" daemon [_thread_blocked, id=8960, stack(0x000000001e5a0000,0x000000001e6a0000)]
=>0x0000000001fcc800 JavaThread "main" [_thread_in_vm, id=5712, stack(0x00000000023d0000,0x00000000024d0000)]

Other Threads:
  0x000000001c326000 VMThread [stack: 0x000000001e340000,0x000000001e440000] [id=10032]
  0x000000001f4d5000 WatcherThread [stack: 0x0000000020230000,0x0000000020330000] [id=7752]

VM state:not at safepoint (normal execution)

VM Mutex/Monitor currently owned by a thread: None

Heap:
 PSYoungGen      total 126976K, used 38435K [0x000000076b400000, 0x0000000774580000, 0x00000007c0000000)
  eden space 119808K, 26% used [0x000000076b400000,0x000000076d2c07e0,0x0000000772900000)
  from space 7168K, 96% used [0x0000000773e80000,0x00000007745484b0,0x0000000774580000)
  to   space 10752K, 0% used [0x0000000773080000,0x0000000773080000,0x0000000773b00000)
 ParOldGen       total 79872K, used 5137K [0x00000006c1c00000, 0x00000006c6a00000, 0x000000076b400000)
  object space 79872K, 6% used [0x00000006c1c00000,0x00000006c2104680,0x00000006c6a00000)
 Metaspace       used 28218K, capacity 29470K, committed 29696K, reserved 1075200K
  class space    used 3804K, capacity 4051K, committed 4096K, reserved 1048576K

Card table byte_map: [0x0000000011890000,0x0000000012090000] byte_map_base: 0x000000000e282000

Marking Bits: (ParMarkBitMap*) 0x0000000062d608c0
 Begin Bits: [0x0000000013220000, 0x00000000171b0000)
 End Bits:   [0x00000000171b0000, 0x000000001b140000)

Polling page: 0x0000000000320000

CodeCache: size=245760Kb used=5511Kb max_used=5511Kb free=240248Kb
 bounds [0x00000000024d0000, 0x0000000002a40000, 0x00000000114d0000]
 total_blobs=2919 nmethods=2491 adapters=339
 compilation: enabled

Compilation events (10 events):
Event: 1.276 Thread 0x000000001d62b000 2486       1       sun.misc.URLClassPath$FileLoader::findResource (18 bytes)
Event: 1.276 Thread 0x000000001d62b000 nmethod 2486 0x0000000002a2f9d0 code [0x0000000002a2fb40, 0x0000000002a2fcb8]
Event: 1.276 Thread 0x000000001d62b000 2487       1       java.util.jar.JarEntry::<init> (6 bytes)
Event: 1.276 Thread 0x000000001d62b000 nmethod 2487 0x0000000002a2fd50 code [0x0000000002a2fea0, 0x0000000002a2ffc8]
Event: 1.276 Thread 0x000000001d62b000 2488       1       javax.management.MBeanAttributeInfo::<init> (18 bytes)
Event: 1.276 Thread 0x000000001d62b000 nmethod 2488 0x0000000002a30050 code [0x0000000002a301a0, 0x0000000002a302e8]
Event: 1.276 Thread 0x000000001d62b000 2489       1       org.apache.tomcat.util.modeler.AttributeInfo::createAttributeInfo (47 bytes)
Event: 1.276 Thread 0x000000001d62b000 nmethod 2489 0x0000000002a30350 code [0x0000000002a304c0, 0x0000000002a30708]
Event: 1.279 Thread 0x000000001d62b000 2491       1       java.util.logging.LogManager$LoggerContext::ensureDefaultLogger (70 bytes)
Event: 1.279 Thread 0x000000001d62b000 nmethod 2491 0x0000000002a30f90 code [0x0000000002a31120, 0x0000000002a31368]

GC Heap History (10 events):
Event: 0.591 GC heap before
{Heap before GC invocations=1 (full 0):
 PSYoungGen      total 76288K, used 65536K [0x000000076b400000, 0x0000000770900000, 0x00000007c0000000)
  eden space 65536K, 100% used [0x000000076b400000,0x000000076f400000,0x000000076f400000)
  from space 10752K, 0% used [0x000000076fe80000,0x000000076fe80000,0x0000000770900000)
  to   space 10752K, 0% used [0x000000076f400000,0x000000076f400000,0x000000076fe80000)
 ParOldGen       total 175104K, used 0K [0x00000006c1c00000, 0x00000006cc700000, 0x000000076b400000)
  object space 175104K, 0% used [0x00000006c1c00000,0x00000006c1c00000,0x00000006cc700000)
 Metaspace       used 14671K, capacity 15094K, committed 15360K, reserved 1062912K
  class space    used 1899K, capacity 2017K, committed 2048K, reserved 1048576K
Event: 0.597 GC heap after
Heap after GC invocations=1 (full 0):
 PSYoungGen      total 76288K, used 7610K [0x000000076b400000, 0x0000000770900000, 0x00000007c0000000)
  eden space 65536K, 0% used [0x000000076b400000,0x000000076b400000,0x000000076f400000)
  from space 10752K, 70% used [0x000000076f400000,0x000000076fb6eaa8,0x000000076fe80000)
  to   space 10752K, 0% used [0x000000076fe80000,0x000000076fe80000,0x0000000770900000)
 ParOldGen       total 175104K, used 16K [0x00000006c1c00000, 0x00000006cc700000, 0x000000076b400000)
  object space 175104K, 0% used [0x00000006c1c00000,0x00000006c1c04000,0x00000006cc700000)
 Metaspace       used 14671K, capacity 15094K, committed 15360K, reserved 1062912K
  class space    used 1899K, capacity 2017K, committed 2048K, reserved 1048576K
}
Event: 0.758 GC heap before
{Heap before GC invocations=2 (full 0):
 PSYoungGen      total 76288K, used 63107K [0x000000076b400000, 0x0000000770900000, 0x00000007c0000000)
  eden space 65536K, 84% used [0x000000076b400000,0x000000076ea324a8,0x000000076f400000)
  from space 10752K, 70% used [0x000000076f400000,0x000000076fb6eaa8,0x000000076fe80000)
  to   space 10752K, 0% used [0x000000076fe80000,0x000000076fe80000,0x0000000770900000)
 ParOldGen       total 175104K, used 16K [0x00000006c1c00000, 0x00000006cc700000, 0x000000076b400000)
  object space 175104K, 0% used [0x00000006c1c00000,0x00000006c1c04000,0x00000006cc700000)
 Metaspace       used 20521K, capacity 21174K, committed 21424K, reserved 1067008K
  class space    used 2758K, capacity 2949K, committed 3072K, reserved 1048576K
Event: 0.764 GC heap after
Heap after GC invocations=2 (full 0):
 PSYoungGen      total 76288K, used 10473K [0x000000076b400000, 0x0000000774900000, 0x00000007c0000000)
  eden space 65536K, 0% used [0x000000076b400000,0x000000076b400000,0x000000076f400000)
  from space 10752K, 97% used [0x000000076fe80000,0x00000007708ba790,0x0000000770900000)
  to   space 10752K, 0% used [0x000000076f400000,0x000000076f400000,0x000000076fe80000)
 ParOldGen       total 175104K, used 24K [0x00000006c1c00000, 0x00000006cc700000, 0x000000076b400000)
  object space 175104K, 0% used [0x00000006c1c00000,0x00000006c1c06000,0x00000006cc700000)
 Metaspace       used 20521K, capacity 21174K, committed 21424K, reserved 1067008K
  class space    used 2758K, capacity 2949K, committed 3072K, reserved 1048576K
}
Event: 0.769 GC heap before
{Heap before GC invocations=3 (full 0):
 PSYoungGen      total 76288K, used 12125K [0x000000076b400000, 0x0000000774900000, 0x00000007c0000000)
  eden space 65536K, 2% used [0x000000076b400000,0x000000076b59ce38,0x000000076f400000)
  from space 10752K, 97% used [0x000000076fe80000,0x00000007708ba790,0x0000000770900000)
  to   space 10752K, 0% used [0x000000076f400000,0x000000076f400000,0x000000076fe80000)
 ParOldGen       total 175104K, used 24K [0x00000006c1c00000, 0x00000006cc700000, 0x000000076b400000)
  object space 175104K, 0% used [0x00000006c1c00000,0x00000006c1c06000,0x00000006cc700000)
 Metaspace       used 20836K, capacity 21462K, committed 21628K, reserved 1069056K
  class space    used 2793K, capacity 2981K, committed 3072K, reserved 1048576K
Event: 0.773 GC heap after
Heap after GC invocations=3 (full 0):
 PSYoungGen      total 76288K, used 5205K [0x000000076b400000, 0x0000000774900000, 0x00000007c0000000)
  eden space 65536K, 0% used [0x000000076b400000,0x000000076b400000,0x000000076f400000)
  from space 10752K, 48% used [0x000000076f400000,0x000000076f9156c0,0x000000076fe80000)
  to   space 10752K, 0% used [0x0000000773e80000,0x0000000773e80000,0x0000000774900000)
 ParOldGen       total 175104K, used 32K [0x00000006c1c00000, 0x00000006cc700000, 0x000000076b400000)
  object space 175104K, 0% used [0x00000006c1c00000,0x00000006c1c08000,0x00000006cc700000)
 Metaspace       used 20836K, capacity 21462K, committed 21628K, reserved 1069056K
  class space    used 2793K, capacity 2981K, committed 3072K, reserved 1048576K
}
Event: 0.773 GC heap before
{Heap before GC invocations=4 (full 1):
 PSYoungGen      total 76288K, used 5205K [0x000000076b400000, 0x0000000774900000, 0x00000007c0000000)
  eden space 65536K, 0% used [0x000000076b400000,0x000000076b400000,0x000000076f400000)
  from space 10752K, 48% used [0x000000076f400000,0x000000076f9156c0,0x000000076fe80000)
  to   space 10752K, 0% used [0x0000000773e80000,0x0000000773e80000,0x0000000774900000)
 ParOldGen       total 175104K, used 32K [0x00000006c1c00000, 0x00000006cc700000, 0x000000076b400000)
  object space 175104K, 0% used [0x00000006c1c00000,0x00000006c1c08000,0x00000006cc700000)
 Metaspace       used 20836K, capacity 21462K, committed 21628K, reserved 1069056K
  class space    used 2793K, capacity 2981K, committed 3072K, reserved 1048576K
Event: 0.792 GC heap after
Heap after GC invocations=4 (full 1):
 PSYoungGen      total 76288K, used 0K [0x000000076b400000, 0x0000000774900000, 0x00000007c0000000)
  eden space 65536K, 0% used [0x000000076b400000,0x000000076b400000,0x000000076f400000)
  from space 10752K, 0% used [0x000000076f400000,0x000000076f400000,0x000000076fe80000)
  to   space 10752K, 0% used [0x0000000773e80000,0x0000000773e80000,0x0000000774900000)
 ParOldGen       total 79872K, used 5065K [0x00000006c1c00000, 0x00000006c6a00000, 0x000000076b400000)
  object space 79872K, 6% used [0x00000006c1c00000,0x00000006c20f2670,0x00000006c6a00000)
 Metaspace       used 20834K, capacity 21456K, committed 21628K, reserved 1069056K
  class space    used 2792K, capacity 2980K, committed 3072K, reserved 1048576K
}
Event: 1.103 GC heap before
{Heap before GC invocations=5 (full 1):
 PSYoungGen      total 76288K, used 65536K [0x000000076b400000, 0x0000000774900000, 0x00000007c0000000)
  eden space 65536K, 100% used [0x000000076b400000,0x000000076f400000,0x000000076f400000)
  from space 10752K, 0% used [0x000000076f400000,0x000000076f400000,0x000000076fe80000)
  to   space 10752K, 0% used [0x0000000773e80000,0x0000000773e80000,0x0000000774900000)
 ParOldGen       total 79872K, used 5065K [0x00000006c1c00000, 0x00000006c6a00000, 0x000000076b400000)
  object space 79872K, 6% used [0x00000006c1c00000,0x00000006c20f2670,0x00000006c6a00000)
 Metaspace       used 25124K, capacity 25980K, committed 26240K, reserved 1071104K
  class space    used 3371K, capacity 3590K, committed 3712K, reserved 1048576K
Event: 1.108 GC heap after
Heap after GC invocations=5 (full 1):
 PSYoungGen      total 126976K, used 6945K [0x000000076b400000, 0x0000000774580000, 0x00000007c0000000)
  eden space 119808K, 0% used [0x000000076b400000,0x000000076b400000,0x0000000772900000)
  from space 7168K, 96% used [0x0000000773e80000,0x00000007745484b0,0x0000000774580000)
  to   space 10752K, 0% used [0x0000000773080000,0x0000000773080000,0x0000000773b00000)
 ParOldGen       total 79872K, used 5137K [0x00000006c1c00000, 0x00000006c6a00000, 0x000000076b400000)
  object space 79872K, 6% used [0x00000006c1c00000,0x00000006c2104680,0x00000006c6a00000)
 Metaspace       used 25124K, capacity 25980K, committed 26240K, reserved 1071104K
  class space    used 3371K, capacity 3590K, committed 3712K, reserved 1048576K
}

Deoptimization events (0 events):
No events

Classes redefined (0 events):
No events

Internal exceptions (10 events):
Event: 1.169 Thread 0x0000000001fcc800 Exception <a 'java/lang/ArrayIndexOutOfBoundsException'> (0x000000076bda0f08) thrown at [C:\re\workspace\8-2-build-windows-amd64-cygwin\jdk8u171\10807\hotspot\src\share\vm\runtime\sharedRuntime.cpp, line 605]
Event: 1.169 Thread 0x0000000001fcc800 Exception <a 'java/lang/ArrayIndexOutOfBoundsException'> (0x000000076bdaa690) thrown at [C:\re\workspace\8-2-build-windows-amd64-cygwin\jdk8u171\10807\hotspot\src\share\vm\runtime\sharedRuntime.cpp, line 605]
Event: 1.176 Thread 0x0000000001fcc800 Exception <a 'java/lang/ArrayIndexOutOfBoundsException'> (0x000000076be6c518) thrown at [C:\re\workspace\8-2-build-windows-amd64-cygwin\jdk8u171\10807\hotspot\src\share\vm\runtime\sharedRuntime.cpp, line 605]
Event: 1.177 Thread 0x0000000001fcc800 Exception <a 'java/lang/ArrayIndexOutOfBoundsException'> (0x000000076be83e48) thrown at [C:\re\workspace\8-2-build-windows-amd64-cygwin\jdk8u171\10807\hotspot\src\share\vm\runtime\sharedRuntime.cpp, line 605]
Event: 1.177 Thread 0x0000000001fcc800 Exception <a 'java/lang/ArrayIndexOutOfBoundsException'> (0x000000076be85de0) thrown at [C:\re\workspace\8-2-build-windows-amd64-cygwin\jdk8u171\10807\hotspot\src\share\vm\runtime\sharedRuntime.cpp, line 605]
Event: 1.178 Thread 0x0000000001fcc800 Exception <a 'java/lang/ArrayIndexOutOfBoundsException'> (0x000000076be9dbf8) thrown at [C:\re\workspace\8-2-build-windows-amd64-cygwin\jdk8u171\10807\hotspot\src\share\vm\runtime\sharedRuntime.cpp, line 605]
Event: 1.195 Thread 0x0000000001fcc800 Exception <a 'java/lang/ArrayIndexOutOfBoundsException'> (0x000000076c1c6458) thrown at [C:\re\workspace\8-2-build-windows-amd64-cygwin\jdk8u171\10807\hotspot\src\share\vm\runtime\sharedRuntime.cpp, line 605]
Event: 1.195 Thread 0x0000000001fcc800 Exception <a 'java/lang/ArrayIndexOutOfBoundsException'> (0x000000076c1c77a0) thrown at [C:\re\workspace\8-2-build-windows-amd64-cygwin\jdk8u171\10807\hotspot\src\share\vm\runtime\sharedRuntime.cpp, line 605]
Event: 1.195 Thread 0x0000000001fcc800 Exception <a 'java/lang/ArrayIndexOutOfBoundsException'> (0x000000076c1c8fe8) thrown at [C:\re\workspace\8-2-build-windows-amd64-cygwin\jdk8u171\10807\hotspot\src\share\vm\runtime\sharedRuntime.cpp, line 605]
Event: 1.196 Thread 0x0000000001fcc800 Exception <a 'java/lang/ArrayIndexOutOfBoundsException'> (0x000000076c1e7a20) thrown at [C:\re\workspace\8-2-build-windows-amd64-cygwin\jdk8u171\10807\hotspot\src\share\vm\runtime\sharedRuntime.cpp, line 605]

Events (10 events):
Event: 1.281 loading class org/apache/tomcat/util/net/openssl/LocalStrings_zh_CN
Event: 1.281 loading class org/apache/tomcat/util/net/openssl/LocalStrings_zh_CN done
Event: 1.281 loading class org/apache/tomcat/util/net/openssl/LocalStrings_zh_Hans
Event: 1.281 loading class org/apache/tomcat/util/net/openssl/LocalStrings_zh_Hans done
Event: 1.281 loading class org/apache/tomcat/util/net/openssl/LocalStrings_zh_Hans_CN
Event: 1.281 loading class org/apache/tomcat/util/net/openssl/LocalStrings_zh_Hans_CN done
Event: 1.281 loading class org/apache/tomcat/jni/Pool
Event: 1.281 loading class org/apache/tomcat/jni/Pool done
Event: 1.281 loading class org/apache/tomcat/jni/SSLContext
Event: 1.281 loading class org/apache/tomcat/jni/SSLContext done


Dynamic libraries:
0x000000013f150000 - 0x000000013f187000 	C:\Program Files\Java\jdk1.8.0_171\bin\java.exe
0x0000000076f30000 - 0x00000000770da000 	C:\Windows\SYSTEM32\ntdll.dll
0x0000000076e10000 - 0x0000000076f2f000 	C:\Windows\system32\kernel32.dll
0x000007fefcda0000 - 0x000007fefce0a000 	C:\Windows\system32\KERNELBASE.dll
0x000007feff160000 - 0x000007feff23b000 	C:\Windows\system32\ADVAPI32.dll
0x000007fefdde0000 - 0x000007fefde7f000 	C:\Windows\system32\msvcrt.dll
0x000007fefefa0000 - 0x000007fefefbf000 	C:\Windows\SYSTEM32\sechost.dll
0x000007feff030000 - 0x000007feff15d000 	C:\Windows\system32\RPCRT4.dll
0x0000000076d10000 - 0x0000000076e0a000 	C:\Windows\system32\USER32.dll
0x000007fefef30000 - 0x000007fefef97000 	C:\Windows\system32\GDI32.dll
0x000007fefefc0000 - 0x000007fefefce000 	C:\Windows\system32\LPK.dll
0x000007fefd060000 - 0x000007fefd12a000 	C:\Windows\system32\USP10.dll
0x000007fefb390000 - 0x000007fefb584000 	C:\Windows\WinSxS\amd64_microsoft.windows.common-controls_6595b64144ccf1df_6.0.7601.18837_none_fa3b1e3d17594757\COMCTL32.dll
0x000007fefd490000 - 0x000007fefd501000 	C:\Windows\system32\SHLWAPI.dll
0x000007fefd030000 - 0x000007fefd05e000 	C:\Windows\system32\IMM32.DLL
0x000007fefee20000 - 0x000007fefef29000 	C:\Windows\system32\MSCTF.dll
0x00000000636e0000 - 0x00000000637b2000 	C:\Program Files\Java\jdk1.8.0_171\jre\bin\msvcr100.dll
0x0000000062540000 - 0x0000000062de0000 	C:\Program Files\Java\jdk1.8.0_171\jre\bin\server\jvm.dll
0x000007fefa8a0000 - 0x000007fefa8a9000 	C:\Windows\system32\WSOCK32.dll
0x000007fefefd0000 - 0x000007feff01d000 	C:\Windows\system32\WS2_32.dll
0x000007feff020000 - 0x000007feff028000 	C:\Windows\system32\NSI.dll
0x000007fefaca0000 - 0x000007fefacdb000 	C:\Windows\system32\WINMM.dll
0x000007fefbd60000 - 0x000007fefbd6c000 	C:\Windows\system32\VERSION.dll
0x00000000770f0000 - 0x00000000770f7000 	C:\Windows\system32\PSAPI.DLL
0x0000000069f20000 - 0x0000000069f2f000 	C:\Program Files\Java\jdk1.8.0_171\jre\bin\verify.dll
0x0000000069dc0000 - 0x0000000069de9000 	C:\Program Files\Java\jdk1.8.0_171\jre\bin\java.dll
0x0000000069d90000 - 0x0000000069db3000 	C:\Program Files\Java\jdk1.8.0_171\jre\bin\instrument.dll
0x0000000069f00000 - 0x0000000069f16000 	C:\Program Files\Java\jdk1.8.0_171\jre\bin\zip.dll
0x000007fefe090000 - 0x000007fefee19000 	C:\Windows\system32\SHELL32.dll
0x000007fefde80000 - 0x000007fefe083000 	C:\Windows\system32\ole32.dll
0x000007fefcc70000 - 0x000007fefcc7f000 	C:\Windows\system32\profapi.dll
0x000007fed22f0000 - 0x000007fed230a000 	D:\IntelliJ IDEA 2018.3.2\bin\breakgen64.dll
0x0000000069d70000 - 0x0000000069d8a000 	C:\Program Files\Java\jdk1.8.0_171\jre\bin\net.dll
0x000007fefc410000 - 0x000007fefc465000 	C:\Windows\system32\mswsock.dll
0x000007fefc5d0000 - 0x000007fefc5d7000 	C:\Windows\System32\wship6.dll
0x0000000069fd0000 - 0x0000000069fdd000 	C:\Program Files\Java\jdk1.8.0_171\jre\bin\management.dll
0x0000000069d50000 - 0x0000000069d61000 	C:\Program Files\Java\jdk1.8.0_171\jre\bin\nio.dll
0x000007fefac50000 - 0x000007fefac65000 	C:\Windows\system32\NLAapi.dll
0x000007fef8bc0000 - 0x000007fef8bd5000 	C:\Windows\system32\napinsp.dll
0x000007fef8ba0000 - 0x000007fef8bb9000 	C:\Windows\system32\pnrpnsp.dll
0x000007fefc2a0000 - 0x000007fefc2fb000 	C:\Windows\system32\DNSAPI.dll
0x000007fef8b90000 - 0x000007fef8b9b000 	C:\Windows\System32\winrnr.dll
0x000007fefbe30000 - 0x000007fefbe37000 	C:\Windows\System32\wshtcpip.dll
0x000007fefa5f0000 - 0x000007fefa617000 	C:\Windows\system32\IPHLPAPI.DLL
0x000007fefa5e0000 - 0x000007fefa5eb000 	C:\Windows\system32\WINNSI.DLL
0x000007fef6d90000 - 0x000007fef6d98000 	C:\Windows\system32\rasadhlp.dll
0x000007fefa470000 - 0x000007fefa4c3000 	C:\Windows\System32\fwpuclnt.dll
0x000007fefc5e0000 - 0x000007fefc5f8000 	C:\Windows\system32\CRYPTSP.dll
0x000007fefc100000 - 0x000007fefc147000 	C:\Windows\system32\rsaenh.dll
0x000007fefcff0000 - 0x000007fefd00e000 	C:\Windows\system32\USERENV.dll
0x000007fefcb10000 - 0x000007fefcb1f000 	C:\Windows\system32\CRYPTBASE.dll
0x000007fefa3f0000 - 0x000007fefa401000 	C:\Windows\system32\dhcpcsvc6.DLL
0x000007fefa3d0000 - 0x000007fefa3e8000 	C:\Windows\system32\dhcpcsvc.DLL
0x0000000180000000 - 0x0000000180281000 	C:\Program Files\Java\jdk1.8.0_171\jre\bin\tcnative-1.dll
0x000007fefce80000 - 0x000007fefcfed000 	C:\Windows\system32\CRYPT32.dll
0x000007fefcc80000 - 0x000007fefcc8f000 	C:\Windows\system32\MSASN1.dll
0x000007fefc610000 - 0x000007fefc632000 	C:\Windows\system32\bcrypt.dll
0x000007fefc0b0000 - 0x000007fefc0fc000 	C:\Windows\system32\bcryptprimitives.dll
0x000007fef7850000 - 0x000007fef7975000 	C:\Windows\system32\dbghelp.dll

VM Arguments:
jvm_args: -XX:TieredStopAtLevel=1 -Xverify:none -Dspring.output.ansi.enabled=always -Dcom.sun.management.jmxremote -Dcom.sun.management.jmxremote.port=51958 -Dcom.sun.management.jmxremote.authenticate=false -Dcom.sun.management.jmxremote.ssl=false -Djava.rmi.server.hostname=localhost -Dspring.liveBeansView.mbeanDomain -Dspring.application.admin.enabled=true -javaagent:D:\IntelliJ IDEA 2018.3.2\lib\idea_rt.jar=51959:D:\IntelliJ IDEA 2018.3.2\bin -Dfile.encoding=UTF-8 
java_command: com.ylzh.helloworld.HelloworldApplication
java_class_path (initial): C:\Program Files\Java\jdk1.8.0_171\jre\lib\charsets.jar;C:\Program Files\Java\jdk1.8.0_171\jre\lib\deploy.jar;C:\Program Files\Java\jdk1.8.0_171\jre\lib\ext\access-bridge-64.jar;C:\Program Files\Java\jdk1.8.0_171\jre\lib\ext\cldrdata.jar;C:\Program Files\Java\jdk1.8.0_171\jre\lib\ext\dnsns.jar;C:\Program Files\Java\jdk1.8.0_171\jre\lib\ext\jaccess.jar;C:\Program Files\Java\jdk1.8.0_171\jre\lib\ext\jfxrt.jar;C:\Program Files\Java\jdk1.8.0_171\jre\lib\ext\localedata.jar;C:\Program Files\Java\jdk1.8.0_171\jre\lib\ext\nashorn.jar;C:\Program Files\Java\jdk1.8.0_171\jre\lib\ext\sunec.jar;C:\Program Files\Java\jdk1.8.0_171\jre\lib\ext\sunjce_provider.jar;C:\Program Files\Java\jdk1.8.0_171\jre\lib\ext\sunmscapi.jar;C:\Program Files\Java\jdk1.8.0_171\jre\lib\ext\sunpkcs11.jar;C:\Program Files\Java\jdk1.8.0_171\jre\lib\ext\zipfs.jar;C:\Program Files\Java\jdk1.8.0_171\jre\lib\javaws.jar;C:\Program Files\Java\jdk1.8.0_171\jre\lib\jce.jar;C:\Program Files\Java\jdk1.8.0_171\jre\lib\jfr.jar;C:\Program Files\Java\jdk1.8.0_171\jre\lib\jfxswt.jar;C:\Program Files\Java\jdk1.8.0_171\jre\lib\jsse.jar;C:\Program Files\Java\jdk1.8.0_171\jre\lib\management-agent.jar;C:\Program Files\Java\jdk1.8.0_171\jre\lib\plugin.jar;C:\Program Files\Java\jdk1.8.0_171\jre\lib\resources.jar;C:\Program Files\Java\jdk1.8.0_171\jre\lib\rt.jar;F:\classdesign\helloworld\target\classes;C:\Users\Administrator\.m2\repository\org\springframework\boot\spring-boot-starter-web\2.1.2.RELEASE\spring-boot-starter-web-2.1.2.RELEASE.jar;C:\Users\Administrator\.m2\repository\org\springframework\boot\spring-boot-starter\2.1.2.RELEASE\spring-boot-starter-2.1.2.RELEASE.jar;C:\Users\Administrator\.m2\repository\org\springframework\boot\spring-boot\2.1.2.RELEASE\spring-boot-2.1.2.RELEASE.jar;C:\Users\Administrator\.m2\repository\org\springframework\boot\spring-boot-autoconfigure\2.1.2.RELEASE\spring-boot-autoconfigure-2.1.2.RELEASE.jar;C:\Users\Administrator\.m2\repository\org\springframework\boot\s
Launcher Type: SUN_STANDARD

Environment Variables:
JAVA_HOME=C:\Program Files\Java\jdk1.8.0_171
CLASSPATH=D:\TSBrowserDownloads\apache-ant-1.10.4\bin\lib;.;C:\Program Files\Java\jdk1.8.0_171\lib;C:\Program Files\Java\jdk1.8.0_171\lib\tools.jar;F:\classdesign\tools\apache-tomcat-8.5.37\lib\servlet-api.jar;F:\classdesign\tools\apache-tomcat-8.5.37\bin
PATH=C:\Perl64\site\bin;C:\Perl64\bin;C:\Program Files (x86)\Common Files\Oracle\Java\javapath;C:\Windows\system32;C:\Windows;C:\Windows\System32\Wbem;C:\Windows\System32\WindowsPowerShell\v1.0\;C:\Python27;D:\TSBrowserDownloads\apache-ant-1.10.4\bin\bin;C:\Program Files\Java\jdk1.8.0_171\bin;C:\Program Files\Java\jdk1.8.0_171\jre\bin;%GRADLE_HOME%\bin;C:\Program Files\cURL\bin;D:\Android\android-ndk-r12b;C:\Program Files\nodejs\;C:\Program Files (x86)\Microsoft SQL Server\100\Tools\Binn\;C:\Program Files (x86)\Microsoft SQL Server\100\DTS\Binn\;C:\Program Files (x86)\Microsoft SQL Server\Client SDK\ODBC\130\Tools\Binn\;C:\Program Files (x86)\Microsoft SQL Server\140\Tools\Binn\;C:\Program Files (x86)\Microsoft SQL Server\140\DTS\Binn\;C:\Program Files (x86)\Microsoft SQL Server\140\Tools\Binn\ManagementStudio\;C:\Program Files\Microsoft VS Code\bin;F:\classdesign\tools\apache-maven-3.6.0\bin;F:\classdesign\tools\apache-tomcat-8.5.37\bin;C:\Program Files (x86)\GNU\GnuPG\pub;C:\Program Files\PuTTY\;C:\Program Files\OpenSSL-Win64\bin;C:\Program Files\Git\cmd;E:\work\cocos2d-x-3.17\templates;E:\work\cocos2d-x-3.17\tools\cocos2d-console\bin;C:\Users\Administrator\AppData\Roaming\npm;C:\Users\Administrator\AppData\Local\Programs\Fiddler;D:\IntelliJ IDEA 2018.3.2\bin;
USERNAME=Administrator
OS=Windows_NT
PROCESSOR_IDENTIFIER=Intel64 Family 6 Model 158 Stepping 9, GenuineIntel



---------------  S Y S T E M  ---------------

OS: Windows 7 , 64 bit Build 7601 (6.1.7601.23418)

CPU:total 8 (initial active 8) (4 cores per cpu, 2 threads per core) family 6 model 158 stepping 9, cmov, cx8, fxsr, mmx, sse, sse2, sse3, ssse3, sse4.1, sse4.2, popcnt, avx, avx2, aes, clmul, erms, rtm, 3dnowpref, lzcnt, ht, tsc, tscinvbit, bmi1, bmi2, adx

Memory: 4k page, physical 16662284k(11070104k free), swap 33322708k(26311848k free)

vm_info: Java HotSpot(TM) 64-Bit Server VM (25.171-b11) for windows-amd64 JRE (1.8.0_171-b11), built on Mar 28 2018 16:06:12 by "java_re" with MS VC++ 10.0 (VS2010)

time: Mon Feb 11 18:13:07 2019
elapsed time: 1 seconds (0d 0h 0m 1s)

